<?xml version="1.0" encoding="UTF-8"?>
<testsuite name="CalculatorTest" tests="1" skipped="0" failures="0" errors="0" timestamp="2022-07-21T18:06:10" hostname="DESKTOP-VUK7D18" time="0.043">
  <properties/>
  <testcase name="testSum()" classname="CalculatorTest" time="0.043"/>
  <system-out><![CDATA[]]></system-out>
  <system-err><![CDATA[]]></system-err>
</testsuite>
